-------------------------------------------------------------------------------
Test set: com.projeto.demo.DemoApplicationTests
-------------------------------------------------------------------------------
Tests run: 1, Failures: 0, Errors: 1, Skipped: 0, Time elapsed: 0.542 s <<< FAILURE! - in com.projeto.demo.DemoApplicationTests
com.projeto.demo.DemoApplicationTests  Time elapsed: 0.54 s  <<< ERROR!
java.lang.IllegalStateException: Unable to find a @SpringBootConfiguration, you need to use @ContextConfiguration or @SpringBootTest(classes=...) with your test

